Using TensorFlow backend.
2017-06-04 19:01:30.281154: W tensorflow/core/platform/cpu_feature_guard.cc:45] The TensorFlow library wasn't compiled to use SSE4.1 instructions, but these are available on your machine and could speed up CPU computations.
2017-06-04 19:01:30.281204: W tensorflow/core/platform/cpu_feature_guard.cc:45] The TensorFlow library wasn't compiled to use SSE4.2 instructions, but these are available on your machine and could speed up CPU computations.
2017-06-04 19:01:30.281211: W tensorflow/core/platform/cpu_feature_guard.cc:45] The TensorFlow library wasn't compiled to use AVX instructions, but these are available on your machine and could speed up CPU computations.
2017-06-04 19:01:30.281216: W tensorflow/core/platform/cpu_feature_guard.cc:45] The TensorFlow library wasn't compiled to use AVX2 instructions, but these are available on your machine and could speed up CPU computations.
2017-06-04 19:01:30.281230: W tensorflow/core/platform/cpu_feature_guard.cc:45] The TensorFlow library wasn't compiled to use FMA instructions, but these are available on your machine and could speed up CPU computations.
2017-06-04 19:01:30.456818: I tensorflow/stream_executor/cuda/cuda_gpu_executor.cc:901] successful NUMA node read from SysFS had negative value (-1), but there must be at least one NUMA node, so returning NUMA node zero
2017-06-04 19:01:30.457724: I tensorflow/core/common_runtime/gpu/gpu_device.cc:887] Found device 0 with properties: 
name: Tesla K80
major: 3 minor: 7 memoryClockRate (GHz) 0.8235
pciBusID 0000:00:04.0
Total memory: 11.17GiB
Free memory: 11.09GiB
2017-06-04 19:01:30.457745: I tensorflow/core/common_runtime/gpu/gpu_device.cc:908] DMA: 0 
2017-06-04 19:01:30.457752: I tensorflow/core/common_runtime/gpu/gpu_device.cc:918] 0:   Y 
2017-06-04 19:01:30.457760: I tensorflow/core/common_runtime/gpu/gpu_device.cc:977] Creating TensorFlow device (/gpu:0) -> (device: 0, name: Tesla K80, pci bus id: 0000:00:04.0)
2017-06-04 19:01:42.327044: I tensorflow/core/common_runtime/gpu/pool_allocator.cc:247] PoolAllocator: After 68515 get requests, put_count=14938 evicted_count=1000 eviction_rate=0.0669434 and unsatisfied allocation rate=0.79803
2017-06-04 19:01:42.327105: I tensorflow/core/common_runtime/gpu/pool_allocator.cc:259] Raising pool_size_limit_ from 100 to 110
2017-06-04 19:01:42.688680: I tensorflow/core/common_runtime/gpu/pool_allocator.cc:247] PoolAllocator: After 15038 get requests, put_count=24049 evicted_count=9000 eviction_rate=0.374236 and unsatisfied allocation rate=0
2017-06-04 19:01:42.981088: I tensorflow/core/common_runtime/gpu/pool_allocator.cc:247] PoolAllocator: After 27192 get requests, put_count=46203 evicted_count=19000 eviction_rate=0.411229 and unsatisfied allocation rate=0
2017-06-04 19:01:43.623197: I tensorflow/core/common_runtime/gpu/pool_allocator.cc:247] PoolAllocator: After 42373 get requests, put_count=71383 evicted_count=29000 eviction_rate=0.406259 and unsatisfied allocation rate=2.35999e-05
2017-06-04 19:01:44.029267: I tensorflow/core/common_runtime/gpu/pool_allocator.cc:247] PoolAllocator: After 57577 get requests, put_count=96586 evicted_count=39000 eviction_rate=0.403785 and unsatisfied allocation rate=3.47361e-05
2017-06-04 19:01:44.456357: I tensorflow/core/common_runtime/gpu/pool_allocator.cc:247] PoolAllocator: After 80275 get requests, put_count=129282 evicted_count=49000 eviction_rate=0.379016 and unsatisfied allocation rate=4.98287e-05
Epoch 1 finished with train loss 0.45
2017-06-04 19:01:49.233276: I tensorflow/core/common_runtime/gpu/pool_allocator.cc:247] PoolAllocator: After 10001 get requests, put_count=16013 evicted_count=6000 eviction_rate=0.374696 and unsatisfied allocation rate=0
2017-06-04 19:01:49.600647: I tensorflow/core/common_runtime/gpu/pool_allocator.cc:247] PoolAllocator: After 26644 get requests, put_count=42656 evicted_count=16000 eviction_rate=0.375094 and unsatisfied allocation rate=0
2017-06-04 19:01:49.892850: I tensorflow/core/common_runtime/gpu/pool_allocator.cc:247] PoolAllocator: After 38439 get requests, put_count=64450 evicted_count=26000 eviction_rate=0.403413 and unsatisfied allocation rate=2.60152e-05
2017-06-04 19:01:50.244133: I tensorflow/core/common_runtime/gpu/pool_allocator.cc:247] PoolAllocator: After 52788 get requests, put_count=88798 evicted_count=36000 eviction_rate=0.405415 and unsatisfied allocation rate=3.78874e-05
2017-06-04 19:01:50.708919: I tensorflow/core/common_runtime/gpu/pool_allocator.cc:247] PoolAllocator: After 74460 get requests, put_count=120469 evicted_count=46000 eviction_rate=0.381841 and unsatisfied allocation rate=4.02901e-05
Epoch 2 finished with train loss 0.45
2017-06-04 19:01:53.757732: I tensorflow/core/common_runtime/gpu/pool_allocator.cc:247] PoolAllocator: After 1687 get requests, put_count=2700 evicted_count=1000 eviction_rate=0.37037 and unsatisfied allocation rate=0
2017-06-04 19:01:54.119241: I tensorflow/core/common_runtime/gpu/pool_allocator.cc:247] PoolAllocator: After 18398 get requests, put_count=29411 evicted_count=11000 eviction_rate=0.37401 and unsatisfied allocation rate=0
2017-06-04 19:01:54.409081: I tensorflow/core/common_runtime/gpu/pool_allocator.cc:247] PoolAllocator: After 30118 get requests, put_count=51130 evicted_count=21000 eviction_rate=0.410718 and unsatisfied allocation rate=3.32027e-05
2017-06-04 19:01:54.739693: I tensorflow/core/common_runtime/gpu/pool_allocator.cc:247] PoolAllocator: After 44506 get requests, put_count=75517 evicted_count=31000 eviction_rate=0.410504 and unsatisfied allocation rate=4.49378e-05
2017-06-04 19:01:55.079418: I tensorflow/core/common_runtime/gpu/pool_allocator.cc:247] PoolAllocator: After 59440 get requests, put_count=100451 evicted_count=41000 eviction_rate=0.408159 and unsatisfied allocation rate=3.36474e-05
2017-06-04 19:01:55.508398: I tensorflow/core/common_runtime/gpu/pool_allocator.cc:247] PoolAllocator: After 82135 get requests, put_count=133144 evicted_count=51000 eviction_rate=0.383044 and unsatisfied allocation rate=4.87003e-05
Epoch 3 finished with train loss 0.45
2017-06-04 19:01:58.770415: I tensorflow/core/common_runtime/gpu/pool_allocator.cc:247] PoolAllocator: After 11682 get requests, put_count=18696 evicted_count=7000 eviction_rate=0.374412 and unsatisfied allocation rate=0
2017-06-04 19:01:59.317683: I tensorflow/core/common_runtime/gpu/pool_allocator.cc:247] PoolAllocator: After 28398 get requests, put_count=45412 evicted_count=17000 eviction_rate=0.37435 and unsatisfied allocation rate=0
2017-06-04 19:01:59.626881: I tensorflow/core/common_runtime/gpu/pool_allocator.cc:247] PoolAllocator: After 40118 get requests, put_count=67131 evicted_count=27000 eviction_rate=0.402199 and unsatisfied allocation rate=2.49265e-05
2017-06-04 19:01:59.962074: I tensorflow/core/common_runtime/gpu/pool_allocator.cc:247] PoolAllocator: After 54506 get requests, put_count=91518 evicted_count=37000 eviction_rate=0.404292 and unsatisfied allocation rate=3.66932e-05
2017-06-04 19:02:00.423302: I tensorflow/core/common_runtime/gpu/pool_allocator.cc:247] PoolAllocator: After 77996 get requests, put_count=125007 evicted_count=47000 eviction_rate=0.375979 and unsatisfied allocation rate=3.84635e-05
Epoch 4 finished with train loss 0.51
2017-06-04 19:02:03.575456: I tensorflow/core/common_runtime/gpu/pool_allocator.cc:247] PoolAllocator: After 3360 get requests, put_count=5376 evicted_count=2000 eviction_rate=0.372024 and unsatisfied allocation rate=0
2017-06-04 19:02:04.016077: I tensorflow/core/common_runtime/gpu/pool_allocator.cc:247] PoolAllocator: After 20076 get requests, put_count=32092 evicted_count=12000 eviction_rate=0.373925 and unsatisfied allocation rate=0
2017-06-04 19:02:04.481940: I tensorflow/core/common_runtime/gpu/pool_allocator.cc:247] PoolAllocator: After 31796 get requests, put_count=53811 evicted_count=22000 eviction_rate=0.408838 and unsatisfied allocation rate=3.14505e-05
2017-06-04 19:02:04.835700: I tensorflow/core/common_runtime/gpu/pool_allocator.cc:247] PoolAllocator: After 46184 get requests, put_count=78198 evicted_count=32000 eviction_rate=0.409218 and unsatisfied allocation rate=4.3305e-05
2017-06-04 19:02:05.185186: I tensorflow/core/common_runtime/gpu/pool_allocator.cc:247] PoolAllocator: After 61619 get requests, put_count=103632 evicted_count=42000 eviction_rate=0.40528 and unsatisfied allocation rate=4.86863e-05
2017-06-04 19:02:05.579142: I tensorflow/core/common_runtime/gpu/pool_allocator.cc:247] PoolAllocator: After 82242 get requests, put_count=134254 evicted_count=52000 eviction_rate=0.387326 and unsatisfied allocation rate=4.86369e-05
Epoch 5 finished with train loss 0.51
2017-06-04 19:02:08.873248: I tensorflow/core/common_runtime/gpu/pool_allocator.cc:247] PoolAllocator: After 13360 get requests, put_count=21377 evicted_count=8000 eviction_rate=0.374234 and unsatisfied allocation rate=0
2017-06-04 19:02:09.238529: I tensorflow/core/common_runtime/gpu/pool_allocator.cc:247] PoolAllocator: After 29083 get requests, put_count=47100 evicted_count=18000 eviction_rate=0.382166 and unsatisfied allocation rate=0
2017-06-04 19:02:09.551034: I tensorflow/core/common_runtime/gpu/pool_allocator.cc:247] PoolAllocator: After 41798 get requests, put_count=69814 evicted_count=28000 eviction_rate=0.401066 and unsatisfied allocation rate=2.39246e-05
2017-06-04 19:02:09.886817: I tensorflow/core/common_runtime/gpu/pool_allocator.cc:247] PoolAllocator: After 56147 get requests, put_count=94162 evicted_count=38000 eviction_rate=0.40356 and unsatisfied allocation rate=3.56208e-05
2017-06-04 19:02:10.347443: I tensorflow/core/common_runtime/gpu/pool_allocator.cc:247] PoolAllocator: After 79856 get requests, put_count=127870 evicted_count=48000 eviction_rate=0.375381 and unsatisfied allocation rate=3.75676e-05
Epoch 6 finished with train loss 0.47
2017-06-04 19:02:13.507303: I tensorflow/core/common_runtime/gpu/pool_allocator.cc:247] PoolAllocator: After 6805 get requests, put_count=10824 evicted_count=4000 eviction_rate=0.369549 and unsatisfied allocation rate=0
2017-06-04 19:02:13.892652: I tensorflow/core/common_runtime/gpu/pool_allocator.cc:247] PoolAllocator: After 23446 get requests, put_count=37465 evicted_count=14000 eviction_rate=0.373682 and unsatisfied allocation rate=0
2017-06-04 19:02:14.198544: I tensorflow/core/common_runtime/gpu/pool_allocator.cc:247] PoolAllocator: After 35204 get requests, put_count=59222 evicted_count=24000 eviction_rate=0.405255 and unsatisfied allocation rate=2.84059e-05
2017-06-04 19:02:14.560600: I tensorflow/core/common_runtime/gpu/pool_allocator.cc:247] PoolAllocator: After 49554 get requests, put_count=83571 evicted_count=34000 eviction_rate=0.40684 and unsatisfied allocation rate=4.036e-05
2017-06-04 19:02:14.958855: I tensorflow/core/common_runtime/gpu/pool_allocator.cc:247] PoolAllocator: After 67047 get requests, put_count=111063 evicted_count=44000 eviction_rate=0.396172 and unsatisfied allocation rate=4.47447e-05
2017-06-04 19:02:15.332551: I tensorflow/core/common_runtime/gpu/pool_allocator.cc:247] PoolAllocator: After 83930 get requests, put_count=137944 evicted_count=54000 eviction_rate=0.391463 and unsatisfied allocation rate=5.95735e-05
Epoch 7 finished with train loss 0.53
2017-06-04 19:02:18.634057: I tensorflow/core/common_runtime/gpu/pool_allocator.cc:247] PoolAllocator: After 15040 get requests, put_count=24061 evicted_count=9000 eviction_rate=0.374049 and unsatisfied allocation rate=0
2017-06-04 19:02:19.023275: I tensorflow/core/common_runtime/gpu/pool_allocator.cc:247] PoolAllocator: After 29049 get requests, put_count=48070 evicted_count=19000 eviction_rate=0.395257 and unsatisfied allocation rate=0
2017-06-04 19:02:19.424296: I tensorflow/core/common_runtime/gpu/pool_allocator.cc:247] PoolAllocator: After 43477 get requests, put_count=72497 evicted_count=29000 eviction_rate=0.400017 and unsatisfied allocation rate=2.30007e-05
2017-06-04 19:02:19.788711: I tensorflow/core/common_runtime/gpu/pool_allocator.cc:247] PoolAllocator: After 57827 get requests, put_count=96846 evicted_count=39000 eviction_rate=0.402701 and unsatisfied allocation rate=3.45859e-05
2017-06-04 19:02:20.249004: I tensorflow/core/common_runtime/gpu/pool_allocator.cc:247] PoolAllocator: After 80627 get requests, put_count=129644 evicted_count=49000 eviction_rate=0.377958 and unsatisfied allocation rate=4.96112e-05
Epoch 8 finished with train loss 0.45
2017-06-04 19:02:23.411388: I tensorflow/core/common_runtime/gpu/pool_allocator.cc:247] PoolAllocator: After 8398 get requests, put_count=13421 evicted_count=5000 eviction_rate=0.37255 and unsatisfied allocation rate=0
2017-06-04 19:02:23.770665: I tensorflow/core/common_runtime/gpu/pool_allocator.cc:247] PoolAllocator: After 25040 get requests, put_count=40063 evicted_count=15000 eviction_rate=0.37441 and unsatisfied allocation rate=0
2017-06-04 19:02:24.059820: I tensorflow/core/common_runtime/gpu/pool_allocator.cc:247] PoolAllocator: After 36798 get requests, put_count=61820 evicted_count=25000 eviction_rate=0.4044 and unsatisfied allocation rate=2.71754e-05
2017-06-04 19:02:24.393671: I tensorflow/core/common_runtime/gpu/pool_allocator.cc:247] PoolAllocator: After 51185 get requests, put_count=86206 evicted_count=35000 eviction_rate=0.406004 and unsatisfied allocation rate=3.90739e-05
2017-06-04 19:02:24.793914: I tensorflow/core/common_runtime/gpu/pool_allocator.cc:247] PoolAllocator: After 70802 get requests, put_count=115822 evicted_count=45000 eviction_rate=0.388527 and unsatisfied allocation rate=4.23717e-05
Epoch 9 finished with train loss 0.54
2017-06-04 19:02:27.982544: I tensorflow/core/common_runtime/gpu/pool_allocator.cc:247] PoolAllocator: After 152036 get requests, put_count=152673 evicted_count=55000 eviction_rate=0.360247 and unsatisfied allocation rate=0.357718
2017-06-04 19:02:27.982599: I tensorflow/core/common_runtime/gpu/pool_allocator.cc:259] Raising pool_size_limit_ from 256 to 281
2017-06-04 19:02:28.347735: I tensorflow/core/common_runtime/gpu/pool_allocator.cc:247] PoolAllocator: After 16644 get requests, put_count=26669 evicted_count=10000 eviction_rate=0.374967 and unsatisfied allocation rate=0
2017-06-04 19:02:28.663167: I tensorflow/core/common_runtime/gpu/pool_allocator.cc:247] PoolAllocator: After 28802 get requests, put_count=48827 evicted_count=20000 eviction_rate=0.409609 and unsatisfied allocation rate=0
2017-06-04 19:02:29.016593: I tensorflow/core/common_runtime/gpu/pool_allocator.cc:247] PoolAllocator: After 43979 get requests, put_count=74003 evicted_count=30000 eviction_rate=0.405389 and unsatisfied allocation rate=2.27381e-05
2017-06-04 19:02:29.367739: I tensorflow/core/common_runtime/gpu/pool_allocator.cc:247] PoolAllocator: After 59187 get requests, put_count=99210 evicted_count=40000 eviction_rate=0.403185 and unsatisfied allocation rate=3.37912e-05
2017-06-04 19:02:29.800864: I tensorflow/core/common_runtime/gpu/pool_allocator.cc:247] PoolAllocator: After 81885 get requests, put_count=131906 evicted_count=50000 eviction_rate=0.379058 and unsatisfied allocation rate=4.8849e-05
Epoch 10 finished with train loss 0.47
2017-06-04 19:02:33.010448: I tensorflow/core/common_runtime/gpu/pool_allocator.cc:247] PoolAllocator: After 10003 get requests, put_count=16031 evicted_count=6000 eviction_rate=0.374275 and unsatisfied allocation rate=0
2017-06-04 19:02:33.377897: I tensorflow/core/common_runtime/gpu/pool_allocator.cc:247] PoolAllocator: After 26650 get requests, put_count=42678 evicted_count=16000 eviction_rate=0.3749 and unsatisfied allocation rate=0
2017-06-04 19:02:33.677311: I tensorflow/core/common_runtime/gpu/pool_allocator.cc:247] PoolAllocator: After 38440 get requests, put_count=64467 evicted_count=26000 eviction_rate=0.403307 and unsatisfied allocation rate=2.60146e-05
2017-06-04 19:02:34.009344: I tensorflow/core/common_runtime/gpu/pool_allocator.cc:247] PoolAllocator: After 52789 get requests, put_count=88815 evicted_count=36000 eviction_rate=0.405337 and unsatisfied allocation rate=3.78867e-05
2017-06-04 19:02:34.438628: I tensorflow/core/common_runtime/gpu/pool_allocator.cc:247] PoolAllocator: After 74817 get requests, put_count=120842 evicted_count=46000 eviction_rate=0.380662 and unsatisfied allocation rate=4.00978e-05
Epoch 11 finished with train loss 0.44
2017-06-04 19:02:37.795068: I tensorflow/core/common_runtime/gpu/pool_allocator.cc:247] PoolAllocator: After 3438 get requests, put_count=5468 evicted_count=2000 eviction_rate=0.365764 and unsatisfied allocation rate=0
2017-06-04 19:02:38.164645: I tensorflow/core/common_runtime/gpu/pool_allocator.cc:247] PoolAllocator: After 20078 get requests, put_count=32108 evicted_count=12000 eviction_rate=0.373739 and unsatisfied allocation rate=0
2017-06-04 19:02:38.465615: I tensorflow/core/common_runtime/gpu/pool_allocator.cc:247] PoolAllocator: After 31837 get requests, put_count=53866 evicted_count=22000 eviction_rate=0.408421 and unsatisfied allocation rate=3.141e-05
2017-06-04 19:02:38.795015: I tensorflow/core/common_runtime/gpu/pool_allocator.cc:247] PoolAllocator: After 46186 get requests, put_count=78214 evicted_count=32000 eviction_rate=0.409134 and unsatisfied allocation rate=4.33032e-05
2017-06-04 19:02:39.125470: I tensorflow/core/common_runtime/gpu/pool_allocator.cc:247] PoolAllocator: After 60548 get requests, put_count=102576 evicted_count=42000 eviction_rate=0.409453 and unsatisfied allocation rate=3.30316e-05
2017-06-04 19:02:39.560838: I tensorflow/core/common_runtime/gpu/pool_allocator.cc:247] PoolAllocator: After 83245 get requests, put_count=135271 evicted_count=52000 eviction_rate=0.384414 and unsatisfied allocation rate=4.80509e-05
Epoch 12 finished with train loss 0.47
2017-06-04 19:02:42.654559: I tensorflow/core/common_runtime/gpu/pool_allocator.cc:247] PoolAllocator: After 11756 get requests, put_count=18789 evicted_count=7000 eviction_rate=0.372558 and unsatisfied allocation rate=0
2017-06-04 19:02:43.014978: I tensorflow/core/common_runtime/gpu/pool_allocator.cc:247] PoolAllocator: After 28194 get requests, put_count=45227 evicted_count=17000 eviction_rate=0.375882 and unsatisfied allocation rate=0
2017-06-04 19:02:43.310623: I tensorflow/core/common_runtime/gpu/pool_allocator.cc:247] PoolAllocator: After 40156 get requests, put_count=67188 evicted_count=27000 eviction_rate=0.401857 and unsatisfied allocation rate=2.49029e-05
2017-06-04 19:02:43.633834: I tensorflow/core/common_runtime/gpu/pool_allocator.cc:247] PoolAllocator: After 54544 get requests, put_count=91575 evicted_count=37000 eviction_rate=0.40404 and unsatisfied allocation rate=3.66676e-05
2017-06-04 19:02:44.077217: I tensorflow/core/common_runtime/gpu/pool_allocator.cc:247] PoolAllocator: After 78884 get requests, put_count=125914 evicted_count=47000 eviction_rate=0.373271 and unsatisfied allocation rate=3.80305e-05
Epoch 13 finished with train loss 0.43
2017-06-04 19:02:47.109515: I tensorflow/core/common_runtime/gpu/pool_allocator.cc:247] PoolAllocator: After 5041 get requests, put_count=8078 evicted_count=3000 eviction_rate=0.371379 and unsatisfied allocation rate=0
2017-06-04 19:02:47.491912: I tensorflow/core/common_runtime/gpu/pool_allocator.cc:247] PoolAllocator: After 21683 get requests, put_count=34720 evicted_count=13000 eviction_rate=0.374424 and unsatisfied allocation rate=0
2017-06-04 19:02:47.793682: I tensorflow/core/common_runtime/gpu/pool_allocator.cc:247] PoolAllocator: After 33441 get requests, put_count=56477 evicted_count=23000 eviction_rate=0.407245 and unsatisfied allocation rate=2.99034e-05
2017-06-04 19:02:48.139635: I tensorflow/core/common_runtime/gpu/pool_allocator.cc:247] PoolAllocator: After 47791 get requests, put_count=80826 evicted_count=33000 eviction_rate=0.408284 and unsatisfied allocation rate=4.18489e-05
2017-06-04 19:02:48.510056: I tensorflow/core/common_runtime/gpu/pool_allocator.cc:247] PoolAllocator: After 64775 get requests, put_count=107809 evicted_count=43000 eviction_rate=0.398854 and unsatisfied allocation rate=4.63142e-05
2017-06-04 19:02:48.875931: I tensorflow/core/common_runtime/gpu/pool_allocator.cc:247] PoolAllocator: After 82642 get requests, put_count=135674 evicted_count=53000 eviction_rate=0.390642 and unsatisfied allocation rate=6.05019e-05
Epoch 14 finished with train loss 0.43
2017-06-04 19:02:52.009949: I tensorflow/core/common_runtime/gpu/pool_allocator.cc:247] PoolAllocator: After 15041 get requests, put_count=24081 evicted_count=9000 eviction_rate=0.373739 and unsatisfied allocation rate=0
2017-06-04 19:02:52.342158: I tensorflow/core/common_runtime/gpu/pool_allocator.cc:247] PoolAllocator: After 29121 get requests, put_count=48161 evicted_count=19000 eviction_rate=0.39451 and unsatisfied allocation rate=0
2017-06-04 19:02:52.684000: I tensorflow/core/common_runtime/gpu/pool_allocator.cc:247] PoolAllocator: After 43441 get requests, put_count=72480 evicted_count=29000 eviction_rate=0.40011 and unsatisfied allocation rate=2.30197e-05
2017-06-04 19:02:53.019172: I tensorflow/core/common_runtime/gpu/pool_allocator.cc:247] PoolAllocator: After 57828 get requests, put_count=96866 evicted_count=39000 eviction_rate=0.402618 and unsatisfied allocation rate=3.45853e-05
2017-06-04 19:02:53.455726: I tensorflow/core/common_runtime/gpu/pool_allocator.cc:247] PoolAllocator: After 80627 get requests, put_count=129663 evicted_count=49000 eviction_rate=0.377903 and unsatisfied allocation rate=4.96112e-05
Epoch 15 finished with train loss 0.44
2017-06-04 19:02:56.547854: I tensorflow/core/common_runtime/gpu/pool_allocator.cc:247] PoolAllocator: After 8474 get requests, put_count=13518 evicted_count=5000 eviction_rate=0.369877 and unsatisfied allocation rate=0
2017-06-04 19:02:56.922638: I tensorflow/core/common_runtime/gpu/pool_allocator.cc:247] PoolAllocator: After 25116 get requests, put_count=40160 evicted_count=15000 eviction_rate=0.373506 and unsatisfied allocation rate=0
2017-06-04 19:02:57.227792: I tensorflow/core/common_runtime/gpu/pool_allocator.cc:247] PoolAllocator: After 36837 get requests, put_count=61880 evicted_count=25000 eviction_rate=0.404008 and unsatisfied allocation rate=2.71466e-05
2017-06-04 19:02:57.575869: I tensorflow/core/common_runtime/gpu/pool_allocator.cc:247] PoolAllocator: After 51224 get requests, put_count=86266 evicted_count=35000 eviction_rate=0.405722 and unsatisfied allocation rate=3.90442e-05
2017-06-04 19:02:57.999837: I tensorflow/core/common_runtime/gpu/pool_allocator.cc:247] PoolAllocator: After 71182 get requests, put_count=116223 evicted_count=45000 eviction_rate=0.387187 and unsatisfied allocation rate=4.21455e-05
Epoch 16 finished with train loss 0.45
2017-06-04 19:03:01.238013: I tensorflow/core/common_runtime/gpu/pool_allocator.cc:247] PoolAllocator: After 152438 get requests, put_count=153336 evicted_count=55000 eviction_rate=0.358689 and unsatisfied allocation rate=0.3552
2017-06-04 19:03:01.238067: I tensorflow/core/common_runtime/gpu/pool_allocator.cc:259] Raising pool_size_limit_ from 493 to 542
2017-06-04 19:03:01.606457: I tensorflow/core/common_runtime/gpu/pool_allocator.cc:247] PoolAllocator: After 16727 get requests, put_count=26776 evicted_count=10000 eviction_rate=0.373469 and unsatisfied allocation rate=0
2017-06-04 19:03:01.903477: I tensorflow/core/common_runtime/gpu/pool_allocator.cc:247] PoolAllocator: After 28517 get requests, put_count=48565 evicted_count=20000 eviction_rate=0.411819 and unsatisfied allocation rate=3.50668e-05
2017-06-04 19:03:02.253070: I tensorflow/core/common_runtime/gpu/pool_allocator.cc:247] PoolAllocator: After 43415 get requests, put_count=73463 evicted_count=30000 eviction_rate=0.408369 and unsatisfied allocation rate=2.30335e-05
2017-06-04 19:03:02.604472: I tensorflow/core/common_runtime/gpu/pool_allocator.cc:247] PoolAllocator: After 58621 get requests, put_count=98668 evicted_count=40000 eviction_rate=0.4054 and unsatisfied allocation rate=3.41175e-05
2017-06-04 19:03:03.039253: I tensorflow/core/common_runtime/gpu/pool_allocator.cc:247] PoolAllocator: After 81316 get requests, put_count=131361 evicted_count=50000 eviction_rate=0.38063 and unsatisfied allocation rate=4.91908e-05
Epoch 17 finished with train loss 0.42
2017-06-04 19:03:06.107128: I tensorflow/core/common_runtime/gpu/pool_allocator.cc:247] PoolAllocator: After 10080 get requests, put_count=16134 evicted_count=6000 eviction_rate=0.371885 and unsatisfied allocation rate=0
2017-06-04 19:03:06.478829: I tensorflow/core/common_runtime/gpu/pool_allocator.cc:247] PoolAllocator: After 26798 get requests, put_count=42852 evicted_count=16000 eviction_rate=0.373378 and unsatisfied allocation rate=0
2017-06-04 19:03:06.777138: I tensorflow/core/common_runtime/gpu/pool_allocator.cc:247] PoolAllocator: After 38517 get requests, put_count=64570 evicted_count=26000 eviction_rate=0.402664 and unsatisfied allocation rate=2.59626e-05
2017-06-04 19:03:07.108618: I tensorflow/core/common_runtime/gpu/pool_allocator.cc:247] PoolAllocator: After 52867 get requests, put_count=88919 evicted_count=36000 eviction_rate=0.404863 and unsatisfied allocation rate=3.78308e-05
2017-06-04 19:03:07.542286: I tensorflow/core/common_runtime/gpu/pool_allocator.cc:247] PoolAllocator: After 76192 get requests, put_count=122243 evicted_count=46000 eviction_rate=0.3763 and unsatisfied allocation rate=3.93742e-05
Epoch 18 finished with train loss 0.42
2017-06-04 19:03:10.600355: I tensorflow/core/common_runtime/gpu/pool_allocator.cc:247] PoolAllocator: After 3440 get requests, put_count=5499 evicted_count=2000 eviction_rate=0.363702 and unsatisfied allocation rate=0
2017-06-04 19:03:10.967586: I tensorflow/core/common_runtime/gpu/pool_allocator.cc:247] PoolAllocator: After 20158 get requests, put_count=32217 evicted_count=12000 eviction_rate=0.372474 and unsatisfied allocation rate=0
2017-06-04 19:03:11.262693: I tensorflow/core/common_runtime/gpu/pool_allocator.cc:247] PoolAllocator: After 31877 get requests, put_count=53935 evicted_count=22000 eviction_rate=0.407898 and unsatisfied allocation rate=3.13706e-05
2017-06-04 19:03:11.601327: I tensorflow/core/common_runtime/gpu/pool_allocator.cc:247] PoolAllocator: After 46227 get requests, put_count=78284 evicted_count=32000 eviction_rate=0.408768 and unsatisfied allocation rate=4.32648e-05
2017-06-04 19:03:11.959324: I tensorflow/core/common_runtime/gpu/pool_allocator.cc:247] PoolAllocator: After 62362 get requests, put_count=104418 evicted_count=42000 eviction_rate=0.40223 and unsatisfied allocation rate=4.81062e-05
2017-06-04 19:03:12.341230: I tensorflow/core/common_runtime/gpu/pool_allocator.cc:247] PoolAllocator: After 81754 get requests, put_count=133809 evicted_count=52000 eviction_rate=0.388614 and unsatisfied allocation rate=4.89273e-05
Epoch 19 finished with train loss 0.44
2017-06-04 19:03:15.484965: I tensorflow/core/common_runtime/gpu/pool_allocator.cc:247] PoolAllocator: After 13440 get requests, put_count=21505 evicted_count=8000 eviction_rate=0.372007 and unsatisfied allocation rate=0
2017-06-04 19:03:15.813192: I tensorflow/core/common_runtime/gpu/pool_allocator.cc:247] PoolAllocator: After 27807 get requests, put_count=45872 evicted_count=18000 eviction_rate=0.392396 and unsatisfied allocation rate=0
2017-06-04 19:03:16.156923: I tensorflow/core/common_runtime/gpu/pool_allocator.cc:247] PoolAllocator: After 41840 get requests, put_count=69904 evicted_count=28000 eviction_rate=0.400549 and unsatisfied allocation rate=2.39006e-05
2017-06-04 19:03:16.493366: I tensorflow/core/common_runtime/gpu/pool_allocator.cc:247] PoolAllocator: After 56228 get requests, put_count=94291 evicted_count=38000 eviction_rate=0.403008 and unsatisfied allocation rate=3.55695e-05
2017-06-04 19:03:16.918064: I tensorflow/core/common_runtime/gpu/pool_allocator.cc:247] PoolAllocator: After 78943 get requests, put_count=127004 evicted_count=48000 eviction_rate=0.377941 and unsatisfied allocation rate=5.06695e-05
Epoch 20 finished with train loss 0.43
2017-06-04 19:03:20.035738: I tensorflow/core/common_runtime/gpu/pool_allocator.cc:247] PoolAllocator: After 6800 get requests, put_count=10872 evicted_count=4000 eviction_rate=0.367918 and unsatisfied allocation rate=0
2017-06-04 19:03:20.404259: I tensorflow/core/common_runtime/gpu/pool_allocator.cc:247] PoolAllocator: After 23442 get requests, put_count=37514 evicted_count=14000 eviction_rate=0.373194 and unsatisfied allocation rate=0
2017-06-04 19:03:20.696968: I tensorflow/core/common_runtime/gpu/pool_allocator.cc:247] PoolAllocator: After 35199 get requests, put_count=59270 evicted_count=24000 eviction_rate=0.404927 and unsatisfied allocation rate=2.84099e-05
2017-06-04 19:03:21.033246: I tensorflow/core/common_runtime/gpu/pool_allocator.cc:247] PoolAllocator: After 49549 get requests, put_count=83619 evicted_count=34000 eviction_rate=0.406606 and unsatisfied allocation rate=4.03641e-05
2017-06-04 19:03:21.452073: I tensorflow/core/common_runtime/gpu/pool_allocator.cc:247] PoolAllocator: After 69712 get requests, put_count=113781 evicted_count=44000 eviction_rate=0.386708 and unsatisfied allocation rate=4.30342e-05
Epoch 21 finished with train loss 0.42
2017-06-04 19:03:24.754810: I tensorflow/core/common_runtime/gpu/pool_allocator.cc:247] PoolAllocator: After 1762 get requests, put_count=2841 evicted_count=1000 eviction_rate=0.351989 and unsatisfied allocation rate=0
2017-06-04 19:03:25.124265: I tensorflow/core/common_runtime/gpu/pool_allocator.cc:247] PoolAllocator: After 18480 get requests, put_count=29559 evicted_count=11000 eviction_rate=0.372137 and unsatisfied allocation rate=0
2017-06-04 19:03:25.423281: I tensorflow/core/common_runtime/gpu/pool_allocator.cc:247] PoolAllocator: After 30199 get requests, put_count=51277 evicted_count=21000 eviction_rate=0.40954 and unsatisfied allocation rate=3.31137e-05
2017-06-04 19:03:25.749630: I tensorflow/core/common_runtime/gpu/pool_allocator.cc:247] PoolAllocator: After 44474 get requests, put_count=75551 evicted_count=31000 eviction_rate=0.410319 and unsatisfied allocation rate=4.49701e-05
2017-06-04 19:03:26.083607: I tensorflow/core/common_runtime/gpu/pool_allocator.cc:247] PoolAllocator: After 59661 get requests, put_count=100738 evicted_count=41000 eviction_rate=0.406996 and unsatisfied allocation rate=3.35227e-05
2017-06-04 19:03:26.509835: I tensorflow/core/common_runtime/gpu/pool_allocator.cc:247] PoolAllocator: After 82359 get requests, put_count=133434 evicted_count=51000 eviction_rate=0.382211 and unsatisfied allocation rate=4.85679e-05
Epoch 22 finished with train loss 0.42
2017-06-04 19:03:29.631220: I tensorflow/core/common_runtime/gpu/pool_allocator.cc:247] PoolAllocator: After 11838 get requests, put_count=18925 evicted_count=7000 eviction_rate=0.369881 and unsatisfied allocation rate=0
2017-06-04 19:03:29.983730: I tensorflow/core/common_runtime/gpu/pool_allocator.cc:247] PoolAllocator: After 28131 get requests, put_count=45218 evicted_count=17000 eviction_rate=0.375956 and unsatisfied allocation rate=0
2017-06-04 19:03:30.278099: I tensorflow/core/common_runtime/gpu/pool_allocator.cc:247] PoolAllocator: After 40238 get requests, put_count=67324 evicted_count=27000 eviction_rate=0.401046 and unsatisfied allocation rate=2.48521e-05
2017-06-04 19:03:30.604629: I tensorflow/core/common_runtime/gpu/pool_allocator.cc:247] PoolAllocator: After 54626 get requests, put_count=91711 evicted_count=37000 eviction_rate=0.403441 and unsatisfied allocation rate=3.66126e-05
2017-06-04 19:03:31.053320: I tensorflow/core/common_runtime/gpu/pool_allocator.cc:247] PoolAllocator: After 78840 get requests, put_count=125924 evicted_count=47000 eviction_rate=0.373241 and unsatisfied allocation rate=3.80518e-05
Epoch 23 finished with train loss 0.41
2017-06-04 19:03:34.180996: I tensorflow/core/common_runtime/gpu/pool_allocator.cc:247] PoolAllocator: After 5122 get requests, put_count=8217 evicted_count=3000 eviction_rate=0.365097 and unsatisfied allocation rate=0
2017-06-04 19:03:34.571040: I tensorflow/core/common_runtime/gpu/pool_allocator.cc:247] PoolAllocator: After 21840 get requests, put_count=34935 evicted_count=13000 eviction_rate=0.37212 and unsatisfied allocation rate=0
2017-06-04 19:03:34.862693: I tensorflow/core/common_runtime/gpu/pool_allocator.cc:247] PoolAllocator: After 33559 get requests, put_count=56653 evicted_count=23000 eviction_rate=0.40598 and unsatisfied allocation rate=2.97983e-05
2017-06-04 19:03:35.191597: I tensorflow/core/common_runtime/gpu/pool_allocator.cc:247] PoolAllocator: After 47909 get requests, put_count=81002 evicted_count=33000 eviction_rate=0.407397 and unsatisfied allocation rate=4.17458e-05
2017-06-04 19:03:35.565039: I tensorflow/core/common_runtime/gpu/pool_allocator.cc:247] PoolAllocator: After 66204 get requests, put_count=109296 evicted_count=43000 eviction_rate=0.393427 and unsatisfied allocation rate=4.53145e-05
Epoch 24 finished with train loss 0.40
2017-06-04 19:03:38.673152: I tensorflow/core/common_runtime/gpu/pool_allocator.cc:247] PoolAllocator: After 150121 get requests, put_count=149630 evicted_count=53000 eviction_rate=0.354207 and unsatisfied allocation rate=0.356952
2017-06-04 19:03:38.673205: I tensorflow/core/common_runtime/gpu/pool_allocator.cc:259] Raising pool_size_limit_ from 1053 to 1158
2017-06-04 19:03:39.033867: I tensorflow/core/common_runtime/gpu/pool_allocator.cc:247] PoolAllocator: After 16802 get requests, put_count=26907 evicted_count=10000 eviction_rate=0.37165 and unsatisfied allocation rate=0
2017-06-04 19:03:39.332827: I tensorflow/core/common_runtime/gpu/pool_allocator.cc:247] PoolAllocator: After 28737 get requests, put_count=48841 evicted_count=20000 eviction_rate=0.409492 and unsatisfied allocation rate=3.47983e-05
2017-06-04 19:03:39.700504: I tensorflow/core/common_runtime/gpu/pool_allocator.cc:247] PoolAllocator: After 43923 get requests, put_count=74027 evicted_count=30000 eviction_rate=0.405258 and unsatisfied allocation rate=2.27671e-05
2017-06-04 19:03:40.065821: I tensorflow/core/common_runtime/gpu/pool_allocator.cc:247] PoolAllocator: After 59128 get requests, put_count=99231 evicted_count=40000 eviction_rate=0.4031 and unsatisfied allocation rate=3.38249e-05
2017-06-04 19:03:40.515136: I tensorflow/core/common_runtime/gpu/pool_allocator.cc:247] PoolAllocator: After 81824 get requests, put_count=131925 evicted_count=50000 eviction_rate=0.379003 and unsatisfied allocation rate=4.88854e-05
Epoch 25 finished with train loss 0.41
2017-06-04 19:03:43.617232: I tensorflow/core/common_runtime/gpu/pool_allocator.cc:247] PoolAllocator: After 10161 get requests, put_count=16276 evicted_count=6000 eviction_rate=0.368641 and unsatisfied allocation rate=0
2017-06-04 19:03:43.979423: I tensorflow/core/common_runtime/gpu/pool_allocator.cc:247] PoolAllocator: After 26803 get requests, put_count=42918 evicted_count=16000 eviction_rate=0.372804 and unsatisfied allocation rate=0
2017-06-04 19:03:44.282810: I tensorflow/core/common_runtime/gpu/pool_allocator.cc:247] PoolAllocator: After 38561 get requests, put_count=64675 evicted_count=26000 eviction_rate=0.40201 and unsatisfied allocation rate=2.59329e-05
2017-06-04 19:03:44.624295: I tensorflow/core/common_runtime/gpu/pool_allocator.cc:247] PoolAllocator: After 52949 get requests, put_count=89062 evicted_count=36000 eviction_rate=0.404213 and unsatisfied allocation rate=3.77722e-05
2017-06-04 19:03:45.095708: I tensorflow/core/common_runtime/gpu/pool_allocator.cc:247] PoolAllocator: After 76933 get requests, put_count=123045 evicted_count=46000 eviction_rate=0.373847 and unsatisfied allocation rate=3.8995e-05
Epoch 26 finished with train loss 0.41
2017-06-04 19:03:48.387320: I tensorflow/core/common_runtime/gpu/pool_allocator.cc:247] PoolAllocator: After 5276 get requests, put_count=8403 evicted_count=3000 eviction_rate=0.357015 and unsatisfied allocation rate=0
2017-06-04 19:03:48.746281: I tensorflow/core/common_runtime/gpu/pool_allocator.cc:247] PoolAllocator: After 21918 get requests, put_count=35045 evicted_count=13000 eviction_rate=0.370952 and unsatisfied allocation rate=0
2017-06-04 19:03:49.037966: I tensorflow/core/common_runtime/gpu/pool_allocator.cc:247] PoolAllocator: After 33639 get requests, put_count=56765 evicted_count=23000 eviction_rate=0.405179 and unsatisfied allocation rate=2.97274e-05
2017-06-04 19:03:49.369386: I tensorflow/core/common_runtime/gpu/pool_allocator.cc:247] PoolAllocator: After 48026 get requests, put_count=81151 evicted_count=33000 eviction_rate=0.406649 and unsatisfied allocation rate=4.16441e-05
2017-06-04 19:03:49.749814: I tensorflow/core/common_runtime/gpu/pool_allocator.cc:247] PoolAllocator: After 66179 get requests, put_count=109303 evicted_count=43000 eviction_rate=0.393402 and unsatisfied allocation rate=4.53316e-05
2017-06-04 19:03:50.087332: I tensorflow/core/common_runtime/gpu/pool_allocator.cc:247] PoolAllocator: After 81763 get requests, put_count=134885 evicted_count=53000 eviction_rate=0.392927 and unsatisfied allocation rate=6.11524e-05
Epoch 27 finished with train loss 0.43
2017-06-04 19:03:53.266583: I tensorflow/core/common_runtime/gpu/pool_allocator.cc:247] PoolAllocator: After 15202 get requests, put_count=24342 evicted_count=9000 eviction_rate=0.369731 and unsatisfied allocation rate=0
2017-06-04 19:03:53.561517: I tensorflow/core/common_runtime/gpu/pool_allocator.cc:247] PoolAllocator: After 26960 get requests, put_count=46099 evicted_count=19000 eviction_rate=0.412156 and unsatisfied allocation rate=3.7092e-05
2017-06-04 19:03:53.916068: I tensorflow/core/common_runtime/gpu/pool_allocator.cc:247] PoolAllocator: After 41894 get requests, put_count=71033 evicted_count=29000 eviction_rate=0.408261 and unsatisfied allocation rate=2.38698e-05
2017-06-04 19:03:54.273493: I tensorflow/core/common_runtime/gpu/pool_allocator.cc:247] PoolAllocator: After 57100 get requests, put_count=96238 evicted_count=39000 eviction_rate=0.405245 and unsatisfied allocation rate=3.50263e-05
2017-06-04 19:03:54.702077: I tensorflow/core/common_runtime/gpu/pool_allocator.cc:247] PoolAllocator: After 79797 get requests, put_count=128933 evicted_count=49000 eviction_rate=0.380042 and unsatisfied allocation rate=5.01272e-05
Epoch 28 finished with train loss 0.40
2017-06-04 19:03:57.929361: I tensorflow/core/common_runtime/gpu/pool_allocator.cc:247] PoolAllocator: After 10240 get requests, put_count=16394 evicted_count=6000 eviction_rate=0.365988 and unsatisfied allocation rate=0
2017-06-04 19:03:58.290553: I tensorflow/core/common_runtime/gpu/pool_allocator.cc:247] PoolAllocator: After 26104 get requests, put_count=42258 evicted_count=16000 eviction_rate=0.378627 and unsatisfied allocation rate=0
2017-06-04 19:03:58.614955: I tensorflow/core/common_runtime/gpu/pool_allocator.cc:247] PoolAllocator: After 38640 get requests, put_count=64793 evicted_count=26000 eviction_rate=0.401278 and unsatisfied allocation rate=2.58799e-05
2017-06-04 19:03:58.953032: I tensorflow/core/common_runtime/gpu/pool_allocator.cc:247] PoolAllocator: After 53028 get requests, put_count=89180 evicted_count=36000 eviction_rate=0.403678 and unsatisfied allocation rate=3.77159e-05
2017-06-04 19:03:59.417775: I tensorflow/core/common_runtime/gpu/pool_allocator.cc:247] PoolAllocator: After 76862 get requests, put_count=123013 evicted_count=46000 eviction_rate=0.373944 and unsatisfied allocation rate=3.9031e-05
Epoch 29 finished with train loss 0.41
2017-06-04 19:04:02.709083: I tensorflow/core/common_runtime/gpu/pool_allocator.cc:247] PoolAllocator: After 5280 get requests, put_count=8449 evicted_count=3000 eviction_rate=0.355072 and unsatisfied allocation rate=0
2017-06-04 19:04:03.077914: I tensorflow/core/common_runtime/gpu/pool_allocator.cc:247] PoolAllocator: After 21923 get requests, put_count=35092 evicted_count=13000 eviction_rate=0.370455 and unsatisfied allocation rate=0
2017-06-04 19:04:03.388746: I tensorflow/core/common_runtime/gpu/pool_allocator.cc:247] PoolAllocator: After 33718 get requests, put_count=56886 evicted_count=23000 eviction_rate=0.404317 and unsatisfied allocation rate=2.96577e-05
2017-06-04 19:04:03.736518: I tensorflow/core/common_runtime/gpu/pool_allocator.cc:247] PoolAllocator: After 48067 get requests, put_count=81234 evicted_count=33000 eviction_rate=0.406234 and unsatisfied allocation rate=4.16086e-05
2017-06-04 19:04:04.154610: I tensorflow/core/common_runtime/gpu/pool_allocator.cc:247] PoolAllocator: After 68319 get requests, put_count=111485 evicted_count=43000 eviction_rate=0.385702 and unsatisfied allocation rate=4.39116e-05
Epoch 30 finished with train loss 0.41
2017-06-04 19:04:07.363427: I tensorflow/core/common_runtime/gpu/pool_allocator.cc:247] PoolAllocator: After 1998 get requests, put_count=3184 evicted_count=1000 eviction_rate=0.31407 and unsatisfied allocation rate=0
2017-06-04 19:04:07.738407: I tensorflow/core/common_runtime/gpu/pool_allocator.cc:247] PoolAllocator: After 18645 get requests, put_count=29831 evicted_count=11000 eviction_rate=0.368744 and unsatisfied allocation rate=0
2017-06-04 19:04:08.040355: I tensorflow/core/common_runtime/gpu/pool_allocator.cc:247] PoolAllocator: After 30435 get requests, put_count=51620 evicted_count=21000 eviction_rate=0.406819 and unsatisfied allocation rate=3.28569e-05
2017-06-04 19:04:08.394763: I tensorflow/core/common_runtime/gpu/pool_allocator.cc:247] PoolAllocator: After 44785 get requests, put_count=75970 evicted_count=31000 eviction_rate=0.408056 and unsatisfied allocation rate=2.23289e-05
2017-06-04 19:04:08.812839: I tensorflow/core/common_runtime/gpu/pool_allocator.cc:247] PoolAllocator: After 60410 get requests, put_count=101595 evicted_count=41000 eviction_rate=0.403563 and unsatisfied allocation rate=1.65536e-05
2017-06-04 19:04:09.281768: I tensorflow/core/common_runtime/gpu/pool_allocator.cc:247] PoolAllocator: After 80739 get requests, put_count=131924 evicted_count=51000 eviction_rate=0.386586 and unsatisfied allocation rate=1.23856e-05
Epoch 31 finished with train loss 0.41
2017-06-04 19:04:12.462092: I tensorflow/core/common_runtime/gpu/pool_allocator.cc:247] PoolAllocator: After 13680 get requests, put_count=21884 evicted_count=8000 eviction_rate=0.365564 and unsatisfied allocation rate=0
2017-06-04 19:04:12.789431: I tensorflow/core/common_runtime/gpu/pool_allocator.cc:247] PoolAllocator: After 26190 get requests, put_count=44394 evicted_count=18000 eviction_rate=0.40546 and unsatisfied allocation rate=0
2017-06-04 19:04:13.173772: I tensorflow/core/common_runtime/gpu/pool_allocator.cc:247] PoolAllocator: After 41371 get requests, put_count=69574 evicted_count=28000 eviction_rate=0.402449 and unsatisfied allocation rate=2.41715e-05
2017-06-04 19:04:13.523860: I tensorflow/core/common_runtime/gpu/pool_allocator.cc:247] PoolAllocator: After 56434 get requests, put_count=94637 evicted_count=38000 eviction_rate=0.401534 and unsatisfied allocation rate=1.77198e-05
2017-06-04 19:04:13.960891: I tensorflow/core/common_runtime/gpu/pool_allocator.cc:247] PoolAllocator: After 79266 get requests, put_count=127469 evicted_count=48000 eviction_rate=0.376562 and unsatisfied allocation rate=1.26157e-05
Epoch 32 finished with train loss 0.40
2017-06-04 19:04:17.293491: I tensorflow/core/common_runtime/gpu/pool_allocator.cc:247] PoolAllocator: After 10398 get requests, put_count=16623 evicted_count=6000 eviction_rate=0.360946 and unsatisfied allocation rate=0
2017-06-04 19:04:17.653536: I tensorflow/core/common_runtime/gpu/pool_allocator.cc:247] PoolAllocator: After 26120 get requests, put_count=42345 evicted_count=16000 eviction_rate=0.377849 and unsatisfied allocation rate=0
2017-06-04 19:04:17.978269: I tensorflow/core/common_runtime/gpu/pool_allocator.cc:247] PoolAllocator: After 38798 get requests, put_count=65022 evicted_count=26000 eviction_rate=0.399865 and unsatisfied allocation rate=2.57745e-05
2017-06-04 19:04:18.324647: I tensorflow/core/common_runtime/gpu/pool_allocator.cc:247] PoolAllocator: After 53186 get requests, put_count=89410 evicted_count=36000 eviction_rate=0.40264 and unsatisfied allocation rate=1.88019e-05
2017-06-04 19:04:18.788114: I tensorflow/core/common_runtime/gpu/pool_allocator.cc:247] PoolAllocator: After 76893 get requests, put_count=123117 evicted_count=46000 eviction_rate=0.373628 and unsatisfied allocation rate=1.30051e-05
Epoch 33 finished with train loss 0.40
2017-06-04 19:04:21.956681: I tensorflow/core/common_runtime/gpu/pool_allocator.cc:247] PoolAllocator: After 5437 get requests, put_count=8684 evicted_count=3000 eviction_rate=0.345463 and unsatisfied allocation rate=0
2017-06-04 19:04:22.338579: I tensorflow/core/common_runtime/gpu/pool_allocator.cc:247] PoolAllocator: After 22079 get requests, put_count=35326 evicted_count=13000 eviction_rate=0.368001 and unsatisfied allocation rate=0
2017-06-04 19:04:22.648861: I tensorflow/core/common_runtime/gpu/pool_allocator.cc:247] PoolAllocator: After 33875 get requests, put_count=57121 evicted_count=23000 eviction_rate=0.402654 and unsatisfied allocation rate=2.95203e-05
2017-06-04 19:04:23.000119: I tensorflow/core/common_runtime/gpu/pool_allocator.cc:247] PoolAllocator: After 48224 get requests, put_count=81470 evicted_count=33000 eviction_rate=0.405057 and unsatisfied allocation rate=2.07366e-05
2017-06-04 19:04:23.441116: I tensorflow/core/common_runtime/gpu/pool_allocator.cc:247] PoolAllocator: After 70208 get requests, put_count=113454 evicted_count=43000 eviction_rate=0.379008 and unsatisfied allocation rate=1.42434e-05
Epoch 34 finished with train loss 0.40
2017-06-04 19:04:26.576387: I tensorflow/core/common_runtime/gpu/pool_allocator.cc:247] PoolAllocator: After 3760 get requests, put_count=6032 evicted_count=2000 eviction_rate=0.331565 and unsatisfied allocation rate=0
2017-06-04 19:04:26.939941: I tensorflow/core/common_runtime/gpu/pool_allocator.cc:247] PoolAllocator: After 20402 get requests, put_count=32674 evicted_count=12000 eviction_rate=0.367264 and unsatisfied allocation rate=0
2017-06-04 19:04:27.240211: I tensorflow/core/common_runtime/gpu/pool_allocator.cc:247] PoolAllocator: After 32160 get requests, put_count=54431 evicted_count=22000 eviction_rate=0.404181 and unsatisfied allocation rate=3.10945e-05
2017-06-04 19:04:27.583453: I tensorflow/core/common_runtime/gpu/pool_allocator.cc:247] PoolAllocator: After 46548 get requests, put_count=78819 evicted_count=32000 eviction_rate=0.405993 and unsatisfied allocation rate=2.14832e-05
2017-06-04 19:04:27.990845: I tensorflow/core/common_runtime/gpu/pool_allocator.cc:247] PoolAllocator: After 65579 get requests, put_count=107850 evicted_count=42000 eviction_rate=0.38943 and unsatisfied allocation rate=1.52488e-05
Epoch 35 finished with train loss 0.40
2017-06-04 19:04:31.262055: I tensorflow/core/common_runtime/gpu/pool_allocator.cc:247] PoolAllocator: After 151960 get requests, put_count=152594 evicted_count=52000 eviction_rate=0.340774 and unsatisfied allocation rate=0.339813
2017-06-04 19:04:31.262111: I tensorflow/core/common_runtime/gpu/pool_allocator.cc:259] Raising pool_size_limit_ from 2997 to 3296
2017-06-04 19:04:31.649382: I tensorflow/core/common_runtime/gpu/pool_allocator.cc:247] PoolAllocator: After 17122 get requests, put_count=27421 evicted_count=10000 eviction_rate=0.364684 and unsatisfied allocation rate=0
2017-06-04 19:04:31.947894: I tensorflow/core/common_runtime/gpu/pool_allocator.cc:247] PoolAllocator: After 28885 get requests, put_count=49183 evicted_count=20000 eviction_rate=0.406645 and unsatisfied allocation rate=3.462e-05
2017-06-04 19:04:32.292719: I tensorflow/core/common_runtime/gpu/pool_allocator.cc:247] PoolAllocator: After 43268 get requests, put_count=73566 evicted_count=30000 eviction_rate=0.407797 and unsatisfied allocation rate=2.31118e-05
2017-06-04 19:04:32.693669: I tensorflow/core/common_runtime/gpu/pool_allocator.cc:247] PoolAllocator: After 59910 get requests, put_count=100208 evicted_count=40000 eviction_rate=0.39917 and unsatisfied allocation rate=1.66917e-05
2017-06-04 19:04:33.083107: I tensorflow/core/common_runtime/gpu/pool_allocator.cc:247] PoolAllocator: After 78367 get requests, put_count=128665 evicted_count=50000 eviction_rate=0.388606 and unsatisfied allocation rate=1.27605e-05
Epoch 36 finished with train loss 0.40
2017-06-04 19:04:36.351858: I tensorflow/core/common_runtime/gpu/pool_allocator.cc:247] PoolAllocator: After 15522 get requests, put_count=24851 evicted_count=9000 eviction_rate=0.362158 and unsatisfied allocation rate=0
2017-06-04 19:04:36.654351: I tensorflow/core/common_runtime/gpu/pool_allocator.cc:247] PoolAllocator: After 27280 get requests, put_count=46608 evicted_count=19000 eviction_rate=0.407655 and unsatisfied allocation rate=3.66569e-05
2017-06-04 19:04:36.994795: I tensorflow/core/common_runtime/gpu/pool_allocator.cc:247] PoolAllocator: After 41668 get requests, put_count=70996 evicted_count=29000 eviction_rate=0.408474 and unsatisfied allocation rate=2.39992e-05
2017-06-04 19:04:37.345261: I tensorflow/core/common_runtime/gpu/pool_allocator.cc:247] PoolAllocator: After 56504 get requests, put_count=95832 evicted_count=39000 eviction_rate=0.406962 and unsatisfied allocation rate=1.76979e-05
2017-06-04 19:04:37.778818: I tensorflow/core/common_runtime/gpu/pool_allocator.cc:247] PoolAllocator: After 78263 get requests, put_count=127591 evicted_count=49000 eviction_rate=0.38404 and unsatisfied allocation rate=1.27774e-05
Epoch 37 finished with train loss 0.39
2017-06-04 19:04:41.082175: I tensorflow/core/common_runtime/gpu/pool_allocator.cc:247] PoolAllocator: After 13921 get requests, put_count=22283 evicted_count=8000 eviction_rate=0.359018 and unsatisfied allocation rate=0
2017-06-04 19:04:41.411365: I tensorflow/core/common_runtime/gpu/pool_allocator.cc:247] PoolAllocator: After 25641 get requests, put_count=44003 evicted_count=18000 eviction_rate=0.409063 and unsatisfied allocation rate=0
2017-06-04 19:04:41.790807: I tensorflow/core/common_runtime/gpu/pool_allocator.cc:247] PoolAllocator: After 40029 get requests, put_count=68391 evicted_count=28000 eviction_rate=0.409411 and unsatisfied allocation rate=0
2017-06-04 19:04:42.181111: I tensorflow/core/common_runtime/gpu/pool_allocator.cc:247] PoolAllocator: After 54889 get requests, put_count=93251 evicted_count=38000 eviction_rate=0.407502 and unsatisfied allocation rate=0
2017-06-04 19:04:42.683649: I tensorflow/core/common_runtime/gpu/pool_allocator.cc:247] PoolAllocator: After 77586 get requests, put_count=125948 evicted_count=48000 eviction_rate=0.38111 and unsatisfied allocation rate=0
Epoch 38 finished with train loss 0.39
2017-06-04 19:04:46.153739: I tensorflow/core/common_runtime/gpu/pool_allocator.cc:247] PoolAllocator: After 12395 get requests, put_count=19793 evicted_count=7000 eviction_rate=0.35366 and unsatisfied allocation rate=0
2017-06-04 19:04:46.459440: I tensorflow/core/common_runtime/gpu/pool_allocator.cc:247] PoolAllocator: After 24114 get requests, put_count=41512 evicted_count=17000 eviction_rate=0.40952 and unsatisfied allocation rate=0
2017-06-04 19:04:46.799490: I tensorflow/core/common_runtime/gpu/pool_allocator.cc:247] PoolAllocator: After 38514 get requests, put_count=65912 evicted_count=27000 eviction_rate=0.409637 and unsatisfied allocation rate=0
2017-06-04 19:04:47.154214: I tensorflow/core/common_runtime/gpu/pool_allocator.cc:247] PoolAllocator: After 53719 get requests, put_count=91117 evicted_count=37000 eviction_rate=0.406071 and unsatisfied allocation rate=0
2017-06-04 19:04:47.602702: I tensorflow/core/common_runtime/gpu/pool_allocator.cc:247] PoolAllocator: After 76417 get requests, put_count=123815 evicted_count=47000 eviction_rate=0.379599 and unsatisfied allocation rate=0
Epoch 39 finished with train loss 0.39
2017-06-04 19:04:50.855615: I tensorflow/core/common_runtime/gpu/pool_allocator.cc:247] PoolAllocator: After 12400 get requests, put_count=19838 evicted_count=7000 eviction_rate=0.352858 and unsatisfied allocation rate=0
2017-06-04 19:04:51.150960: I tensorflow/core/common_runtime/gpu/pool_allocator.cc:247] PoolAllocator: After 24120 get requests, put_count=41558 evicted_count=17000 eviction_rate=0.409067 and unsatisfied allocation rate=0
2017-06-04 19:04:51.497927: I tensorflow/core/common_runtime/gpu/pool_allocator.cc:247] PoolAllocator: After 38464 get requests, put_count=65902 evicted_count=27000 eviction_rate=0.409699 and unsatisfied allocation rate=0
2017-06-04 19:04:51.843859: I tensorflow/core/common_runtime/gpu/pool_allocator.cc:247] PoolAllocator: After 53439 get requests, put_count=90877 evicted_count=37000 eviction_rate=0.407144 and unsatisfied allocation rate=0
2017-06-04 19:04:52.277495: I tensorflow/core/common_runtime/gpu/pool_allocator.cc:247] PoolAllocator: After 76136 get requests, put_count=123574 evicted_count=47000 eviction_rate=0.380339 and unsatisfied allocation rate=0
Epoch 40 finished with train loss 0.39
2017-06-04 19:04:55.511163: I tensorflow/core/common_runtime/gpu/pool_allocator.cc:247] PoolAllocator: After 12478 get requests, put_count=19960 evicted_count=7000 eviction_rate=0.350701 and unsatisfied allocation rate=0
2017-06-04 19:04:55.805741: I tensorflow/core/common_runtime/gpu/pool_allocator.cc:247] PoolAllocator: After 24199 get requests, put_count=41681 evicted_count=17000 eviction_rate=0.40786 and unsatisfied allocation rate=0
2017-06-04 19:04:56.148679: I tensorflow/core/common_runtime/gpu/pool_allocator.cc:247] PoolAllocator: After 38549 get requests, put_count=66031 evicted_count=27000 eviction_rate=0.408899 and unsatisfied allocation rate=0
2017-06-04 19:04:56.501841: I tensorflow/core/common_runtime/gpu/pool_allocator.cc:247] PoolAllocator: After 53311 get requests, put_count=90793 evicted_count=37000 eviction_rate=0.40752 and unsatisfied allocation rate=0
2017-06-04 19:04:56.936719: I tensorflow/core/common_runtime/gpu/pool_allocator.cc:247] PoolAllocator: After 75215 get requests, put_count=122697 evicted_count=47000 eviction_rate=0.383057 and unsatisfied allocation rate=0
Epoch 41 finished with train loss 0.39
2017-06-04 19:05:00.620486: I tensorflow/core/common_runtime/gpu/pool_allocator.cc:247] PoolAllocator: After 14239 get requests, put_count=22769 evicted_count=8000 eviction_rate=0.351355 and unsatisfied allocation rate=0
2017-06-04 19:05:00.918913: I tensorflow/core/common_runtime/gpu/pool_allocator.cc:247] PoolAllocator: After 25959 get requests, put_count=44489 evicted_count=18000 eviction_rate=0.404594 and unsatisfied allocation rate=0
2017-06-04 19:05:01.261634: I tensorflow/core/common_runtime/gpu/pool_allocator.cc:247] PoolAllocator: After 40309 get requests, put_count=68839 evicted_count=28000 eviction_rate=0.406746 and unsatisfied allocation rate=0
2017-06-04 19:05:01.643110: I tensorflow/core/common_runtime/gpu/pool_allocator.cc:247] PoolAllocator: After 57231 get requests, put_count=95761 evicted_count=38000 eviction_rate=0.396821 and unsatisfied allocation rate=0
2017-06-04 19:05:02.018777: I tensorflow/core/common_runtime/gpu/pool_allocator.cc:247] PoolAllocator: After 75191 get requests, put_count=123721 evicted_count=48000 eviction_rate=0.38797 and unsatisfied allocation rate=0
Epoch 42 finished with train loss 0.39
2017-06-04 19:05:05.393736: I tensorflow/core/common_runtime/gpu/pool_allocator.cc:247] PoolAllocator: After 15999 get requests, put_count=25582 evicted_count=9000 eviction_rate=0.35181 and unsatisfied allocation rate=0
2017-06-04 19:05:05.685433: I tensorflow/core/common_runtime/gpu/pool_allocator.cc:247] PoolAllocator: After 27719 get requests, put_count=47302 evicted_count=19000 eviction_rate=0.401674 and unsatisfied allocation rate=0
2017-06-04 19:05:06.023819: I tensorflow/core/common_runtime/gpu/pool_allocator.cc:247] PoolAllocator: After 42107 get requests, put_count=71690 evicted_count=29000 eviction_rate=0.404519 and unsatisfied allocation rate=0
2017-06-04 19:05:06.436746: I tensorflow/core/common_runtime/gpu/pool_allocator.cc:247] PoolAllocator: After 62218 get requests, put_count=101801 evicted_count=39000 eviction_rate=0.3831 and unsatisfied allocation rate=0
Epoch 43 finished with train loss 0.39
2017-06-04 19:05:09.955283: I tensorflow/core/common_runtime/gpu/pool_allocator.cc:247] PoolAllocator: After 2720 get requests, put_count=4361 evicted_count=1000 eviction_rate=0.229305 and unsatisfied allocation rate=0
2017-06-04 19:05:10.330315: I tensorflow/core/common_runtime/gpu/pool_allocator.cc:247] PoolAllocator: After 19226 get requests, put_count=30867 evicted_count=11000 eviction_rate=0.356368 and unsatisfied allocation rate=0
2017-06-04 19:05:10.699284: I tensorflow/core/common_runtime/gpu/pool_allocator.cc:247] PoolAllocator: After 31120 get requests, put_count=52761 evicted_count=21000 eviction_rate=0.398021 and unsatisfied allocation rate=0
2017-06-04 19:05:11.107727: I tensorflow/core/common_runtime/gpu/pool_allocator.cc:247] PoolAllocator: After 45508 get requests, put_count=77149 evicted_count=31000 eviction_rate=0.40182 and unsatisfied allocation rate=0
2017-06-04 19:05:11.616044: I tensorflow/core/common_runtime/gpu/pool_allocator.cc:247] PoolAllocator: After 69912 get requests, put_count=111553 evicted_count=41000 eviction_rate=0.367538 and unsatisfied allocation rate=0
Epoch 44 finished with train loss 0.39
2017-06-04 19:05:14.999248: I tensorflow/core/common_runtime/gpu/pool_allocator.cc:247] PoolAllocator: After 6161 get requests, put_count=9866 evicted_count=3000 eviction_rate=0.304075 and unsatisfied allocation rate=0
2017-06-04 19:05:15.300911: I tensorflow/core/common_runtime/gpu/pool_allocator.cc:247] PoolAllocator: After 18018 get requests, put_count=31723 evicted_count=13000 eviction_rate=0.409797 and unsatisfied allocation rate=0
2017-06-04 19:05:15.671366: I tensorflow/core/common_runtime/gpu/pool_allocator.cc:247] PoolAllocator: After 33211 get requests, put_count=56916 evicted_count=23000 eviction_rate=0.404104 and unsatisfied allocation rate=0
2017-06-04 19:05:16.045574: I tensorflow/core/common_runtime/gpu/pool_allocator.cc:247] PoolAllocator: After 48416 get requests, put_count=82121 evicted_count=33000 eviction_rate=0.401846 and unsatisfied allocation rate=0
2017-06-04 19:05:16.510144: I tensorflow/core/common_runtime/gpu/pool_allocator.cc:247] PoolAllocator: After 71114 get requests, put_count=114819 evicted_count=43000 eviction_rate=0.374502 and unsatisfied allocation rate=0
Epoch 45 finished with train loss 0.39
2017-06-04 19:05:19.874591: I tensorflow/core/common_runtime/gpu/pool_allocator.cc:247] PoolAllocator: After 11283 get requests, put_count=18059 evicted_count=6000 eviction_rate=0.332244 and unsatisfied allocation rate=0
2017-06-04 19:05:20.167279: I tensorflow/core/common_runtime/gpu/pool_allocator.cc:247] PoolAllocator: After 23077 get requests, put_count=39853 evicted_count=16000 eviction_rate=0.401475 and unsatisfied allocation rate=0
2017-06-04 19:05:20.516941: I tensorflow/core/common_runtime/gpu/pool_allocator.cc:247] PoolAllocator: After 37427 get requests, put_count=64203 evicted_count=26000 eviction_rate=0.404966 and unsatisfied allocation rate=0
2017-06-04 19:05:20.936233: I tensorflow/core/common_runtime/gpu/pool_allocator.cc:247] PoolAllocator: After 56585 get requests, put_count=93361 evicted_count=36000 eviction_rate=0.3856 and unsatisfied allocation rate=0
Epoch 46 finished with train loss 0.39
2017-06-04 19:05:24.407877: I tensorflow/core/common_runtime/gpu/pool_allocator.cc:247] PoolAllocator: After 152118 get requests, put_count=152800 evicted_count=46000 eviction_rate=0.301047 and unsatisfied allocation rate=0.303015
2017-06-04 19:05:24.407936: I tensorflow/core/common_runtime/gpu/pool_allocator.cc:259] Raising pool_size_limit_ from 8540 to 9394
2017-06-04 19:05:24.762003: I tensorflow/core/common_runtime/gpu/pool_allocator.cc:247] PoolAllocator: After 15231 get requests, put_count=26085 evicted_count=10000 eviction_rate=0.383362 and unsatisfied allocation rate=0
2017-06-04 19:05:25.111556: I tensorflow/core/common_runtime/gpu/pool_allocator.cc:247] PoolAllocator: After 29801 get requests, put_count=50655 evicted_count=20000 eviction_rate=0.394828 and unsatisfied allocation rate=0
2017-06-04 19:05:25.457151: I tensorflow/core/common_runtime/gpu/pool_allocator.cc:247] PoolAllocator: After 44152 get requests, put_count=75006 evicted_count=30000 eviction_rate=0.399968 and unsatisfied allocation rate=0
2017-06-04 19:05:25.947870: I tensorflow/core/common_runtime/gpu/pool_allocator.cc:247] PoolAllocator: After 67026 get requests, put_count=107880 evicted_count=40000 eviction_rate=0.370782 and unsatisfied allocation rate=0
Epoch 47 finished with train loss 0.39
2017-06-04 19:05:29.524299: I tensorflow/core/common_runtime/gpu/pool_allocator.cc:247] PoolAllocator: After 9919 get requests, put_count=15858 evicted_count=5000 eviction_rate=0.315298 and unsatisfied allocation rate=0
2017-06-04 19:05:29.821732: I tensorflow/core/common_runtime/gpu/pool_allocator.cc:247] PoolAllocator: After 21677 get requests, put_count=37616 evicted_count=15000 eviction_rate=0.398766 and unsatisfied allocation rate=0
2017-06-04 19:05:30.154928: I tensorflow/core/common_runtime/gpu/pool_allocator.cc:247] PoolAllocator: After 36027 get requests, put_count=61966 evicted_count=25000 eviction_rate=0.403447 and unsatisfied allocation rate=0
2017-06-04 19:05:30.558620: I tensorflow/core/common_runtime/gpu/pool_allocator.cc:247] PoolAllocator: After 56035 get requests, put_count=91974 evicted_count=35000 eviction_rate=0.380542 and unsatisfied allocation rate=0
Epoch 48 finished with train loss 0.39
2017-06-04 19:05:34.076152: I tensorflow/core/common_runtime/gpu/pool_allocator.cc:247] PoolAllocator: After 153645 get requests, put_count=155283 evicted_count=45000 eviction_rate=0.289793 and unsatisfied allocation rate=0.288333
2017-06-04 19:05:34.076207: I tensorflow/core/common_runtime/gpu/pool_allocator.cc:259] Raising pool_size_limit_ from 10333 to 11366
2017-06-04 19:05:34.413809: I tensorflow/core/common_runtime/gpu/pool_allocator.cc:247] PoolAllocator: After 13515 get requests, put_count=24548 evicted_count=10000 eviction_rate=0.407365 and unsatisfied allocation rate=0
2017-06-04 19:05:34.750422: I tensorflow/core/common_runtime/gpu/pool_allocator.cc:247] PoolAllocator: After 27864 get requests, put_count=48897 evicted_count=20000 eviction_rate=0.409023 and unsatisfied allocation rate=0
2017-06-04 19:05:35.086447: I tensorflow/core/common_runtime/gpu/pool_allocator.cc:247] PoolAllocator: After 42369 get requests, put_count=73402 evicted_count=30000 eviction_rate=0.408708 and unsatisfied allocation rate=0
2017-06-04 19:05:35.529024: I tensorflow/core/common_runtime/gpu/pool_allocator.cc:247] PoolAllocator: After 65067 get requests, put_count=106100 evicted_count=40000 eviction_rate=0.377003 and unsatisfied allocation rate=0
Epoch 49 finished with train loss 0.39
2017-06-04 19:05:39.271261: I tensorflow/core/common_runtime/gpu/pool_allocator.cc:247] PoolAllocator: After 10321 get requests, put_count=18457 evicted_count=7000 eviction_rate=0.37926 and unsatisfied allocation rate=0
2017-06-04 19:05:39.638993: I tensorflow/core/common_runtime/gpu/pool_allocator.cc:247] PoolAllocator: After 25356 get requests, put_count=43492 evicted_count=17000 eviction_rate=0.390876 and unsatisfied allocation rate=0
2017-06-04 19:05:39.992517: I tensorflow/core/common_runtime/gpu/pool_allocator.cc:247] PoolAllocator: After 39706 get requests, put_count=67842 evicted_count=27000 eviction_rate=0.397984 and unsatisfied allocation rate=0
2017-06-04 19:05:40.462706: I tensorflow/core/common_runtime/gpu/pool_allocator.cc:247] PoolAllocator: After 62543 get requests, put_count=100679 evicted_count=37000 eviction_rate=0.367505 and unsatisfied allocation rate=0
Epoch 50 finished with train loss 0.39
2017-06-04 19:05:44.032451: I tensorflow/core/common_runtime/gpu/pool_allocator.cc:247] PoolAllocator: After 8481 get requests, put_count=14731 evicted_count=5000 eviction_rate=0.33942 and unsatisfied allocation rate=0
2017-06-04 19:05:44.375468: I tensorflow/core/common_runtime/gpu/pool_allocator.cc:247] PoolAllocator: After 22197 get requests, put_count=38447 evicted_count=15000 eviction_rate=0.390147 and unsatisfied allocation rate=0
2017-06-04 19:05:44.751767: I tensorflow/core/common_runtime/gpu/pool_allocator.cc:247] PoolAllocator: After 36547 get requests, put_count=62797 evicted_count=25000 eviction_rate=0.398108 and unsatisfied allocation rate=0
2017-06-04 19:05:45.265669: I tensorflow/core/common_runtime/gpu/pool_allocator.cc:247] PoolAllocator: After 59370 get requests, put_count=95620 evicted_count=35000 eviction_rate=0.366032 and unsatisfied allocation rate=0
Epoch 51 finished with train loss 0.39
2017-06-04 19:05:49.052057: I tensorflow/core/common_runtime/gpu/pool_allocator.cc:247] PoolAllocator: After 6252 get requests, put_count=11627 evicted_count=4000 eviction_rate=0.344027 and unsatisfied allocation rate=0
2017-06-04 19:05:49.404839: I tensorflow/core/common_runtime/gpu/pool_allocator.cc:247] PoolAllocator: After 20680 get requests, put_count=36055 evicted_count=14000 eviction_rate=0.388296 and unsatisfied allocation rate=0
2017-06-04 19:05:49.755784: I tensorflow/core/common_runtime/gpu/pool_allocator.cc:247] PoolAllocator: After 35068 get requests, put_count=60443 evicted_count=24000 eviction_rate=0.397068 and unsatisfied allocation rate=0
2017-06-04 19:05:50.222237: I tensorflow/core/common_runtime/gpu/pool_allocator.cc:247] PoolAllocator: After 57905 get requests, put_count=93280 evicted_count=34000 eviction_rate=0.364494 and unsatisfied allocation rate=0
Epoch 52 finished with train loss 0.39
2017-06-04 19:05:53.999583: I tensorflow/core/common_runtime/gpu/pool_allocator.cc:247] PoolAllocator: After 5920 get requests, put_count=12432 evicted_count=5000 eviction_rate=0.402188 and unsatisfied allocation rate=0
2017-06-04 19:05:54.347717: I tensorflow/core/common_runtime/gpu/pool_allocator.cc:247] PoolAllocator: After 20353 get requests, put_count=36865 evicted_count=15000 eviction_rate=0.40689 and unsatisfied allocation rate=0
2017-06-04 19:05:54.716182: I tensorflow/core/common_runtime/gpu/pool_allocator.cc:247] PoolAllocator: After 35562 get requests, put_count=62074 evicted_count=25000 eviction_rate=0.402745 and unsatisfied allocation rate=0
2017-06-04 19:05:55.166725: I tensorflow/core/common_runtime/gpu/pool_allocator.cc:247] PoolAllocator: After 58259 get requests, put_count=94771 evicted_count=35000 eviction_rate=0.369311 and unsatisfied allocation rate=0
Epoch 53 finished with train loss 0.39
2017-06-04 19:05:59.019930: I tensorflow/core/common_runtime/gpu/pool_allocator.cc:247] PoolAllocator: After 9554 get requests, put_count=18217 evicted_count=7000 eviction_rate=0.384256 and unsatisfied allocation rate=0
2017-06-04 19:05:59.404378: I tensorflow/core/common_runtime/gpu/pool_allocator.cc:247] PoolAllocator: After 23904 get requests, put_count=42567 evicted_count=17000 eviction_rate=0.39937 and unsatisfied allocation rate=0
2017-06-04 19:05:59.869375: I tensorflow/core/common_runtime/gpu/pool_allocator.cc:247] PoolAllocator: After 43697 get requests, put_count=72360 evicted_count=27000 eviction_rate=0.373134 and unsatisfied allocation rate=0
Epoch 54 finished with train loss 0.39
2017-06-04 19:06:03.839298: I tensorflow/core/common_runtime/gpu/pool_allocator.cc:247] PoolAllocator: After 153131 get requests, put_count=155462 evicted_count=37000 eviction_rate=0.238 and unsatisfied allocation rate=0.237261
2017-06-04 19:06:03.839358: I tensorflow/core/common_runtime/gpu/pool_allocator.cc:259] Raising pool_size_limit_ from 18302 to 20132
2017-06-04 19:06:04.242284: I tensorflow/core/common_runtime/gpu/pool_allocator.cc:247] PoolAllocator: After 15509 get requests, put_count=27339 evicted_count=10000 eviction_rate=0.365778 and unsatisfied allocation rate=0
2017-06-04 19:06:04.622638: I tensorflow/core/common_runtime/gpu/pool_allocator.cc:247] PoolAllocator: After 30715 get requests, put_count=52545 evicted_count=20000 eviction_rate=0.380626 and unsatisfied allocation rate=0
2017-06-04 19:06:05.089566: I tensorflow/core/common_runtime/gpu/pool_allocator.cc:247] PoolAllocator: After 53412 get requests, put_count=85242 evicted_count=30000 eviction_rate=0.351939 and unsatisfied allocation rate=0
Epoch 55 finished with train loss 0.39
2017-06-04 19:06:08.943984: I tensorflow/core/common_runtime/gpu/pool_allocator.cc:247] PoolAllocator: After 12104 get requests, put_count=20117 evicted_count=6000 eviction_rate=0.298255 and unsatisfied allocation rate=0
2017-06-04 19:06:09.335983: I tensorflow/core/common_runtime/gpu/pool_allocator.cc:247] PoolAllocator: After 26492 get requests, put_count=44505 evicted_count=16000 eviction_rate=0.35951 and unsatisfied allocation rate=0
2017-06-04 19:06:09.849268: I tensorflow/core/common_runtime/gpu/pool_allocator.cc:247] PoolAllocator: After 50392 get requests, put_count=78405 evicted_count=26000 eviction_rate=0.331612 and unsatisfied allocation rate=0
Epoch 56 finished with train loss 0.39
2017-06-04 19:06:13.901845: I tensorflow/core/common_runtime/gpu/pool_allocator.cc:247] PoolAllocator: After 8680 get requests, put_count=13894 evicted_count=3000 eviction_rate=0.215921 and unsatisfied allocation rate=0
2017-06-04 19:06:14.253426: I tensorflow/core/common_runtime/gpu/pool_allocator.cc:247] PoolAllocator: After 23030 get requests, put_count=38244 evicted_count=13000 eviction_rate=0.339923 and unsatisfied allocation rate=0
2017-06-04 19:06:14.734854: I tensorflow/core/common_runtime/gpu/pool_allocator.cc:247] PoolAllocator: After 47311 get requests, put_count=72525 evicted_count=23000 eviction_rate=0.317132 and unsatisfied allocation rate=0
Epoch 57 finished with train loss 0.38
2017-06-04 19:06:18.641709: I tensorflow/core/common_runtime/gpu/pool_allocator.cc:247] PoolAllocator: After 8970 get requests, put_count=14405 evicted_count=3000 eviction_rate=0.208261 and unsatisfied allocation rate=0
2017-06-04 19:06:18.983138: I tensorflow/core/common_runtime/gpu/pool_allocator.cc:247] PoolAllocator: After 23424 get requests, put_count=38859 evicted_count=13000 eviction_rate=0.334543 and unsatisfied allocation rate=0
2017-06-04 19:06:19.425761: I tensorflow/core/common_runtime/gpu/pool_allocator.cc:247] PoolAllocator: After 46298 get requests, put_count=71733 evicted_count=23000 eviction_rate=0.320633 and unsatisfied allocation rate=0
Epoch 58 finished with train loss 0.39
2017-06-04 19:06:23.626404: I tensorflow/core/common_runtime/gpu/pool_allocator.cc:247] PoolAllocator: After 10470 get requests, put_count=18149 evicted_count=5000 eviction_rate=0.275497 and unsatisfied allocation rate=0
2017-06-04 19:06:24.061829: I tensorflow/core/common_runtime/gpu/pool_allocator.cc:247] PoolAllocator: After 29768 get requests, put_count=47447 evicted_count=15000 eviction_rate=0.316142 and unsatisfied allocation rate=0
Epoch 59 finished with train loss 0.38
2017-06-04 19:06:28.383553: I tensorflow/core/common_runtime/gpu/pool_allocator.cc:247] PoolAllocator: After 155119 get requests, put_count=157637 evicted_count=25000 eviction_rate=0.158592 and unsatisfied allocation rate=0.162205
2017-06-04 19:06:28.383626: I tensorflow/core/common_runtime/gpu/pool_allocator.cc:259] Raising pool_size_limit_ from 29473 to 32420
2017-06-04 19:06:28.866149: I tensorflow/core/common_runtime/gpu/pool_allocator.cc:247] PoolAllocator: After 17922 get requests, put_count=30869 evicted_count=10000 eviction_rate=0.32395 and unsatisfied allocation rate=0
2017-06-04 19:06:29.290487: I tensorflow/core/common_runtime/gpu/pool_allocator.cc:247] PoolAllocator: After 38791 get requests, put_count=61738 evicted_count=20000 eviction_rate=0.32395 and unsatisfied allocation rate=0
Epoch 60 finished with train loss 0.39
2017-06-04 19:06:33.537280: I tensorflow/core/common_runtime/gpu/pool_allocator.cc:247] PoolAllocator: After 19230 get requests, put_count=30472 evicted_count=8000 eviction_rate=0.262536 and unsatisfied allocation rate=0
2017-06-04 19:06:33.900700: I tensorflow/core/common_runtime/gpu/pool_allocator.cc:247] PoolAllocator: After 36734 get requests, put_count=57976 evicted_count=18000 eviction_rate=0.310473 and unsatisfied allocation rate=0
Epoch 61 finished with train loss 0.38
2017-06-04 19:06:38.392141: I tensorflow/core/common_runtime/gpu/pool_allocator.cc:247] PoolAllocator: After 28025 get requests, put_count=40591 evicted_count=9000 eviction_rate=0.221724 and unsatisfied allocation rate=0
Epoch 62 finished with train loss 0.38
2017-06-04 19:06:43.183382: I tensorflow/core/common_runtime/gpu/pool_allocator.cc:247] PoolAllocator: After 17600 get requests, put_count=24522 evicted_count=3000 eviction_rate=0.122339 and unsatisfied allocation rate=0
Epoch 63 finished with train loss 0.38
2017-06-04 19:06:47.961389: I tensorflow/core/common_runtime/gpu/pool_allocator.cc:247] PoolAllocator: After 16867 get requests, put_count=23182 evicted_count=2000 eviction_rate=0.0862738 and unsatisfied allocation rate=0
Epoch 64 finished with train loss 0.38
Epoch 65 finished with train loss 0.39
Epoch 66 finished with train loss 0.38
Epoch 67 finished with train loss 0.39
Epoch 68 finished with train loss 0.38
Epoch 69 finished with train loss 0.38
Epoch 70 finished with train loss 0.39
Epoch 71 finished with train loss 0.38
Epoch 72 finished with train loss 0.39
Epoch 73 finished with train loss 0.39
Epoch 74 finished with train loss 0.39
Epoch 75 finished with train loss 0.39
Epoch 76 finished with train loss 0.38
Epoch 77 finished with train loss 0.39
Epoch 78 finished with train loss 0.39
Epoch 79 finished with train loss 0.38
Epoch 80 finished with train loss 0.38
Epoch 81 finished with train loss 0.38
Epoch 82 finished with train loss 0.39
Epoch 83 finished with train loss 0.38
Epoch 84 finished with train loss 0.38
Epoch 85 finished with train loss 0.38
Epoch 86 finished with train loss 0.38
Epoch 87 finished with train loss 0.38
Epoch 88 finished with train loss 0.38
Epoch 89 finished with train loss 0.38
Epoch 90 finished with train loss 0.38
Epoch 91 finished with train loss 0.38
Epoch 92 finished with train loss 0.38
Epoch 93 finished with train loss 0.38
Epoch 94 finished with train loss 0.38
Epoch 95 finished with train loss 0.38
Epoch 96 finished with train loss 0.38
Epoch 97 finished with train loss 0.38
Epoch 98 finished with train loss 0.37
Epoch 99 finished with train loss 0.37
Epoch 100 finished with train loss 0.37
Epoch 101 finished with train loss 0.37
Epoch 102 finished with train loss 0.37
Epoch 103 finished with train loss 0.37
Epoch 104 finished with train loss 0.37
Epoch 105 finished with train loss 0.38
Epoch 106 finished with train loss 0.37
Epoch 107 finished with train loss 0.37
Epoch 108 finished with train loss 0.38
Epoch 109 finished with train loss 0.37
Epoch 110 finished with train loss 0.37
Epoch 111 finished with train loss 0.37
Epoch 112 finished with train loss 0.37
Epoch 113 finished with train loss 0.37
Epoch 114 finished with train loss 0.37
Epoch 115 finished with train loss 0.37
Epoch 116 finished with train loss 0.37
Epoch 117 finished with train loss 0.37
Epoch 118 finished with train loss 0.37
Epoch 119 finished with train loss 0.37
Epoch 120 finished with train loss 0.37
Epoch 121 finished with train loss 0.37
Epoch 122 finished with train loss 0.37
Epoch 123 finished with train loss 0.37
Epoch 124 finished with train loss 0.37
Epoch 125 finished with train loss 0.37
Epoch 126 finished with train loss 0.37
Epoch 127 finished with train loss 0.37
Epoch 128 finished with train loss 0.37
Epoch 129 finished with train loss 0.37
Epoch 130 finished with train loss 0.37
Epoch 131 finished with train loss 0.37
Epoch 132 finished with train loss 0.37
Epoch 133 finished with train loss 0.37
Epoch 134 finished with train loss 0.37
Epoch 135 finished with train loss 0.36
Epoch 136 finished with train loss 0.37
Epoch 137 finished with train loss 0.37
Epoch 138 finished with train loss 0.37
Epoch 139 finished with train loss 0.37
Epoch 140 finished with train loss 0.37
Epoch 141 finished with train loss 0.37
Epoch 142 finished with train loss 0.37
Epoch 143 finished with train loss 0.36
Epoch 144 finished with train loss 0.36
Epoch 145 finished with train loss 0.37
Epoch 146 finished with train loss 0.36
Epoch 147 finished with train loss 0.36
Epoch 148 finished with train loss 0.37
Epoch 149 finished with train loss 0.37
Epoch 150 finished with train loss 0.36
Epoch 151 finished with train loss 0.36
Epoch 152 finished with train loss 0.36
Epoch 153 finished with train loss 0.36
Epoch 154 finished with train loss 0.36
Epoch 155 finished with train loss 0.36
Epoch 156 finished with train loss 0.36
Epoch 157 finished with train loss 0.36
Epoch 158 finished with train loss 0.36
Epoch 159 finished with train loss 0.36
Epoch 160 finished with train loss 0.36
Epoch 161 finished with train loss 0.36
Epoch 162 finished with train loss 0.36
Epoch 163 finished with train loss 0.36
Epoch 164 finished with train loss 0.36
Epoch 165 finished with train loss 0.37
Epoch 166 finished with train loss 0.37
Epoch 167 finished with train loss 0.37
Epoch 168 finished with train loss 0.37
Epoch 169 finished with train loss 0.36
Epoch 170 finished with train loss 0.37
Epoch 171 finished with train loss 0.37
Epoch 172 finished with train loss 0.37
Epoch 173 finished with train loss 0.37
Epoch 174 finished with train loss 0.36
Epoch 175 finished with train loss 0.37
Epoch 176 finished with train loss 0.37
Epoch 177 finished with train loss 0.37
Epoch 178 finished with train loss 0.37
Epoch 179 finished with train loss 0.36
Epoch 180 finished with train loss 0.36
Epoch 181 finished with train loss 0.36
